[2020-05-11 22:51:49.641] [alevinLog] [info] Found 227024 transcripts(+0 decoys, +39 short and +0 duplicate names in the index)
[2020-05-11 22:51:49.758] [alevinLog] [info] Filled with 227063 txp to gene entries 
[2020-05-11 22:51:49.794] [alevinLog] [info] Found all transcripts to gene mappings
[2020-05-11 22:51:49.815] [alevinLog] [info] Processing barcodes files (if Present) 

 
[2020-05-11 22:53:33.160] [alevinLog] [info] Done barcode density calculation.
[2020-05-11 22:53:33.160] [alevinLog] [info] # Barcodes Used: [32m66601887[0m / [31m66601887[0m.
[2020-05-11 22:53:35.716] [alevinLog] [info] Knee found left boundary at [32m 1428 [0m
[2020-05-11 22:53:35.919] [alevinLog] [info] Gauss Corrected Boundary at [32m 1179 [0m
[2020-05-11 22:53:35.919] [alevinLog] [info] Learned InvCov: 121.187 normfactor: 401.89
[2020-05-11 22:53:35.919] [alevinLog] [info] Total [32m1766[0m(has [32m586[0m low confidence) barcodes
[2020-05-11 22:53:36.352] [alevinLog] [info] Done True Barcode Sampling
[2020-05-11 22:53:36.463] [alevinLog] [info] Total 8.83541% reads will be thrown away because of noisy Cellular barcodes.
[2020-05-11 22:53:36.539] [alevinLog] [info] Done populating Z matrix
[2020-05-11 22:53:36.554] [alevinLog] [info] Total 41354 CB got sequence corrected
[2020-05-11 22:53:36.559] [alevinLog] [info] Done indexing Barcodes
[2020-05-11 22:53:36.559] [alevinLog] [info] Total Unique barcodes found: 898809
[2020-05-11 22:53:36.559] [alevinLog] [info] Used Barcodes except Whitelist: 40367
[2020-05-11 22:53:36.740] [alevinLog] [info] Done with Barcode Processing; Moving to Quantify

[2020-05-11 22:53:36.740] [alevinLog] [info] parsing read library format
[2020-05-11 23:05:58.281] [alevinLog] [info] Starting optimizer


[2020-05-11 23:05:59.043] [alevinLog] [warning] mrna file not provided; using is 1 less feature for whitelisting
[2020-05-11 23:05:59.043] [alevinLog] [warning] rrna file not provided; using is 1 less feature for whitelisting
[2020-05-11 23:07:33.148] [alevinLog] [info] Total 9530705.00 UMI after deduplicating.
[2020-05-11 23:07:33.148] [alevinLog] [info] Total 6805988 BiDirected Edges.
[2020-05-11 23:07:33.148] [alevinLog] [info] Total 522666 UniDirected Edges.
[2020-05-11 23:07:33.148] [alevinLog] [warning] Skipped 12 barcodes due to No mapped read
[2020-05-11 23:07:33.155] [alevinLog] [info] Clearing EqMap; Might take some time.
[2020-05-11 23:07:35.244] [alevinLog] [info] Starting white listing of 1753 cells
[2020-05-11 23:07:35.244] [alevinLog] [info] Starting to make feature Matrix
[2020-05-11 23:07:35.246] [alevinLog] [info] Done making feature Matrix
[2020-05-11 23:07:35.955] [alevinLog] [info] Finished white listing
[2020-05-11 23:07:36.669] [alevinLog] [info] Finished optimizer
